;;; 
Export: Release 23.0.0.0.0 - Production on Tue Apr 14 13:52:03 2026
Version 23.7.0.25.01

Copyright (c) 1982, 2025, Oracle and/or its affiliates.  All rights reserved.
;;; 
Connected to: Oracle Database 23ai Free Release 23.0.0.0.0 - Develop, Learn, and Run for Free
Starting "VLS_ADMIN"."SYS_EXPORT_SCHEMA_01":  VLS_ADMIN/********@FREEPDB1 SCHEMAS=VLS_ADMIN DIRECTORY=dump_dir DUMPFILE=vls_admin_full.dmp LOGFILE=vls_admin_export.log REUSE_DUMPFILES=YES 
Processing object type SCHEMA_EXPORT/TABLE/TABLE_DATA
Processing object type SCHEMA_EXPORT/TABLE/INDEX/STATISTICS/INDEX_STATISTICS
Processing object type SCHEMA_EXPORT/TABLE/INDEX/STATISTICS/FUNCTIONAL_INDEX/INDEX_STATISTICS
Processing object type SCHEMA_EXPORT/TABLE/STATISTICS/TABLE_STATISTICS
Processing object type SCHEMA_EXPORT/USER
Processing object type SCHEMA_EXPORT/ROLE_GRANT
Processing object type SCHEMA_EXPORT/DEFAULT_ROLE
Processing object type SCHEMA_EXPORT/TABLESPACE_QUOTA
Processing object type SCHEMA_EXPORT/PRE_SCHEMA/PROCACT_SCHEMA/LOGREP
Processing object type SCHEMA_EXPORT/TABLE/TABLE
Processing object type SCHEMA_EXPORT/TABLE/COMMENT
Processing object type SCHEMA_EXPORT/TABLE/IDENTITY_COLUMN
Processing object type SCHEMA_EXPORT/FUNCTION/FUNCTION
Processing object type SCHEMA_EXPORT/PROCEDURE/PROCEDURE
Processing object type SCHEMA_EXPORT/FUNCTION/ALTER_FUNCTION
Processing object type SCHEMA_EXPORT/PROCEDURE/ALTER_PROCEDURE
Processing object type SCHEMA_EXPORT/VIEW/VIEW
Processing object type SCHEMA_EXPORT/TABLE/INDEX/INDEX
Processing object type SCHEMA_EXPORT/TABLE/INDEX/FUNCTIONAL_INDEX/INDEX
Processing object type SCHEMA_EXPORT/TABLE/CONSTRAINT/CONSTRAINT
Processing object type SCHEMA_EXPORT/TABLE/CONSTRAINT/REF_CONSTRAINT
Processing object type SCHEMA_EXPORT/TABLE/TRIGGER
Processing object type SCHEMA_EXPORT/MATERIALIZED_VIEW
. . exported "VLS_ADMIN"."MV_VOLUMES_MENSUELS"             8.8 KB       2 rows
. . exported "VLS_ADMIN"."AFFECTATION_STATION"             6.1 KB       3 rows
. . exported "VLS_ADMIN"."CENTRE_CONTROLE"                 7.5 KB       2 rows
. . exported "VLS_ADMIN"."EMBARQUEMENT"                    6.7 KB       7 rows
. . exported "VLS_ADMIN"."FENETRE_COM"                     9.1 KB       5 rows
. . exported "VLS_ADMIN"."HISTORIQUE_STATUT"                 0 KB       0 rows
. . exported "VLS_ADMIN"."INSTRUMENT"                      7.7 KB       4 rows
. . exported "VLS_ADMIN"."MISSION"                         8.1 KB       3 rows
. . exported "VLS_ADMIN"."ORBITE"                          8.1 KB       3 rows
. . exported "VLS_ADMIN"."PARTICIPATION"                   6.3 KB       7 rows
. . exported "VLS_ADMIN"."SATELLITE"                       9.2 KB       5 rows
. . exported "VLS_ADMIN"."STATION_SOL"                     8.6 KB       3 rows
Master table "VLS_ADMIN"."SYS_EXPORT_SCHEMA_01" successfully loaded/unloaded
******************************************************************************
Dump file set for VLS_ADMIN.SYS_EXPORT_SCHEMA_01 is:
  /tmp/dump/vls_admin_full.dmp
Job "VLS_ADMIN"."SYS_EXPORT_SCHEMA_01" successfully completed at Tue Apr 14 13:54:24 2026 elapsed 0 00:02:09
